18:41:48.731 [main] INFO  api.test.UserTests - **************Creating User **************
18:41:51.548 [main] INFO  api.test.UserTests - **************User is Created **************
18:41:51.560 [main] INFO  api.test.UserTests - **************Reading User Name **************
18:41:52.119 [main] INFO  api.test.UserTests - **************User Info is displayed **************
18:41:52.126 [main] INFO  api.test.UserTests - **************Updating User **************
18:41:53.337 [main] INFO  api.test.UserTests - **************User is Updated **************
18:41:53.345 [main] INFO  api.test.UserTests - **************Deleting User **************
18:41:53.950 [main] INFO  api.test.UserTests - **************User is Deleted **************
18:42:36.573 [main] INFO  api.test.UserTests - **************Creating User **************
18:42:39.352 [main] INFO  api.test.UserTests - **************User is Created **************
18:42:39.364 [main] INFO  api.test.UserTests - **************Reading User Name **************
18:42:39.950 [main] INFO  api.test.UserTests - **************User Info is displayed **************
18:42:39.958 [main] INFO  api.test.UserTests - **************Updating User **************
18:42:41.154 [main] INFO  api.test.UserTests - **************User is Updated **************
18:42:41.162 [main] INFO  api.test.UserTests - **************Deleting User **************
18:42:41.736 [main] INFO  api.test.UserTests - **************User is Deleted **************
18:53:12.862 [main] INFO  api.test.UserTests - **************Creating User **************
18:53:15.662 [main] INFO  api.test.UserTests - **************User is Created **************
18:53:15.672 [main] INFO  api.test.UserTests - **************Reading User Name **************
18:53:16.276 [main] INFO  api.test.UserTests - **************User Info is displayed **************
18:53:16.285 [main] INFO  api.test.UserTests - **************Updating User **************
18:53:17.449 [main] INFO  api.test.UserTests - **************User is Updated **************
18:53:17.458 [main] INFO  api.test.UserTests - **************Deleting User **************
18:53:18.029 [main] INFO  api.test.UserTests - **************User is Deleted **************
18:55:46.604 [main] INFO  api.test.UserTests - **************Creating User **************
18:55:46.689 [main] INFO  api.test.UserTests - **************Creating User **************
18:55:49.689 [main] INFO  api.test.UserTests - **************User is Created **************
18:55:49.692 [main] INFO  api.test.UserTests - **************User is Created **************
18:55:49.703 [main] INFO  api.test.UserTests - **************Reading User Name **************
18:55:49.709 [main] INFO  api.test.UserTests - **************Reading User Name **************
18:55:50.290 [main] INFO  api.test.UserTests - **************User Info is displayed **************
18:55:50.296 [main] INFO  api.test.UserTests - **************Updating User **************
18:55:50.339 [main] INFO  api.test.UserTests - **************Updating User **************
18:55:51.463 [main] INFO  api.test.UserTests - **************User is Updated **************
18:55:51.467 [main] INFO  api.test.UserTests - **************Deleting User **************
18:55:51.486 [main] INFO  api.test.UserTests - **************Deleting User **************
18:55:52.045 [main] INFO  api.test.UserTests - **************User is Deleted **************
18:56:07.938 [main] INFO  api.test.UserTests - **************Creating User **************
18:56:08.229 [main] INFO  api.test.UserTests - **************Creating User **************
18:56:08.235 [main] INFO  api.test.UserTests - **************Creating User **************
18:56:11.385 [main] INFO  api.test.UserTests - **************User is Created **************
18:56:11.389 [main] INFO  api.test.UserTests - **************User is Created **************
18:56:11.400 [main] INFO  api.test.UserTests - **************Reading User Name **************
18:56:11.406 [main] INFO  api.test.UserTests - **************Reading User Name **************
18:56:11.442 [main] INFO  api.test.UserTests - **************User is Created **************
18:56:11.451 [main] INFO  api.test.UserTests - **************Reading User Name **************
18:56:12.007 [main] INFO  api.test.UserTests - **************Updating User **************
18:56:12.046 [main] INFO  api.test.UserTests - **************Updating User **************
18:56:12.052 [main] INFO  api.test.UserTests - **************User Info is displayed **************
18:56:12.056 [main] INFO  api.test.UserTests - **************Updating User **************
18:56:13.153 [main] INFO  api.test.UserTests - **************Deleting User **************
18:56:13.224 [main] INFO  api.test.UserTests - **************User is Updated **************
18:56:13.233 [main] INFO  api.test.UserTests - **************Deleting User **************
18:56:13.256 [main] INFO  api.test.UserTests - **************Deleting User **************
18:56:13.812 [main] INFO  api.test.UserTests - **************User is Deleted **************
18:57:20.877 [main] INFO  api.test.UserTests - **************Creating User **************
18:57:23.735 [main] INFO  api.test.UserTests - **************User is Created **************
18:57:23.745 [main] INFO  api.test.UserTests - **************Reading User Name **************
18:57:24.354 [main] INFO  api.test.UserTests - **************User Info is displayed **************
18:57:24.362 [main] INFO  api.test.UserTests - **************Updating User **************
18:57:25.573 [main] INFO  api.test.UserTests - **************User is Updated **************
18:57:25.582 [main] INFO  api.test.UserTests - **************Deleting User **************
18:57:26.175 [main] INFO  api.test.UserTests - **************User is Deleted **************
19:02:35.282 [main] INFO  api.test.UserTests - **************Creating User **************
19:02:35.544 [main] INFO  api.test.UserTests - **************Creating User **************
19:02:38.355 [main] INFO  api.test.UserTests - **************User is Created **************
19:02:38.358 [main] INFO  api.test.UserTests - **************User is Created **************
19:02:38.368 [main] INFO  api.test.UserTests - **************Reading User Name **************
19:02:38.377 [main] INFO  api.test.UserTests - **************Reading User Name **************
19:02:38.994 [main] INFO  api.test.UserTests - **************User Info is displayed **************
19:02:38.994 [main] INFO  api.test.UserTests - **************User Info is displayed **************
19:02:38.998 [main] INFO  api.test.UserTests - **************Updating User **************
19:02:39.000 [main] INFO  api.test.UserTests - **************Updating User **************
19:02:40.182 [main] INFO  api.test.UserTests - **************User is Updated **************
19:02:40.187 [main] INFO  api.test.UserTests - **************Deleting User **************
19:02:40.205 [main] INFO  api.test.UserTests - **************User is Updated **************
19:02:40.207 [main] INFO  api.test.UserTests - **************Deleting User **************
19:02:40.766 [main] INFO  api.test.UserTests - **************User is Deleted **************
19:02:40.817 [main] INFO  api.test.UserTests - **************User is Deleted **************
19:05:50.801 [main] INFO  api.test.UserTests - **************Creating User **************
19:05:50.805 [main] DEBUG api.test.UserTests - Debugging
19:05:51.022 [main] INFO  api.test.UserTests - **************Creating User **************
19:05:51.027 [main] DEBUG api.test.UserTests - Debugging
19:05:51.059 [main] INFO  api.test.UserTests - **************Creating User **************
19:05:51.064 [main] DEBUG api.test.UserTests - Debugging
19:05:54.244 [main] INFO  api.test.UserTests - **************User is Created **************
19:05:54.245 [main] INFO  api.test.UserTests - **************User is Created **************
19:05:54.259 [main] INFO  api.test.UserTests - **************Reading User Name **************
19:05:54.261 [main] INFO  api.test.UserTests - **************User is Created **************
19:05:54.262 [main] INFO  api.test.UserTests - **************Reading User Name **************
19:05:54.281 [main] INFO  api.test.UserTests - **************Reading User Name **************
19:05:54.859 [main] INFO  api.test.UserTests - **************User Info is displayed **************
19:05:54.868 [main] INFO  api.test.UserTests - **************Updating User **************
19:05:54.876 [main] INFO  api.test.UserTests - **************Updating User **************
19:05:54.888 [main] INFO  api.test.UserTests - **************Updating User **************
19:05:56.062 [main] INFO  api.test.UserTests - **************User is Updated **************
19:05:56.062 [main] INFO  api.test.UserTests - **************Deleting User **************
19:05:56.063 [main] INFO  api.test.UserTests - **************Deleting User **************
19:05:56.066 [main] INFO  api.test.UserTests - **************Deleting User **************
19:05:56.715 [main] INFO  api.test.UserTests - **************User is Deleted **************
19:07:55.506 [main] INFO  api.test.UserTests - **************Creating User **************
19:07:57.258 [main] INFO  api.test.UserTests - **************User is Created **************
19:07:57.271 [main] INFO  api.test.UserTests - **************Reading User Name **************
19:07:57.872 [main] INFO  api.test.UserTests - **************User Info is displayed **************
19:07:57.876 [main] INFO  api.test.UserTests - **************Updating User **************
19:07:59.107 [main] INFO  api.test.UserTests - **************User is Updated **************
19:07:59.115 [main] INFO  api.test.UserTests - **************Deleting User **************
19:07:59.711 [main] INFO  api.test.UserTests - **************User is Deleted **************
16:59:00.615 [main] INFO  api.test.UserTests2 - **************Creating User **************
16:59:03.548 [main] INFO  api.test.UserTests2 - **************User is Created **************
16:59:03.562 [main] INFO  api.test.UserTests2 - **************Reading User Name **************
16:59:04.159 [main] INFO  api.test.UserTests2 - **************User Info is displayed **************
16:59:04.166 [main] INFO  api.test.UserTests2 - **************Updating User **************
16:59:05.397 [main] INFO  api.test.UserTests2 - **************User is Updated **************
16:59:05.401 [main] INFO  api.test.UserTests2 - **************Deleting User **************
16:59:06.020 [main] INFO  api.test.UserTests2 - **************User is Deleted **************
17:34:01.360 [main] INFO  api.test.UserTests2 - **************Creating User **************
17:34:03.129 [main] INFO  api.test.UserTests2 - **************User is Created **************
17:34:03.145 [main] INFO  api.test.UserTests2 - **************Reading User Name **************
17:34:03.703 [main] INFO  api.test.UserTests2 - **************User Info is displayed **************
17:34:03.706 [main] INFO  api.test.UserTests2 - **************Updating User **************
17:34:04.891 [main] INFO  api.test.UserTests2 - **************User is Updated **************
17:34:04.895 [main] INFO  api.test.UserTests2 - **************Deleting User **************
17:34:05.458 [main] INFO  api.test.UserTests2 - **************User is Deleted **************
17:56:43.454 [main] INFO  api.test.UserTests2 - **************Creating User **************
17:57:07.411 [main] INFO  api.test.UserTests2 - **************User is Created **************
17:57:07.424 [main] INFO  api.test.UserTests2 - **************Reading User Name **************
17:57:29.090 [main] INFO  api.test.UserTests2 - **************User Info is displayed **************
17:57:29.093 [main] INFO  api.test.UserTests2 - **************Updating User **************
17:57:31.319 [main] INFO  api.test.UserTests2 - **************User is Updated **************
17:57:31.320 [main] INFO  api.test.UserTests2 - **************Deleting User **************
17:57:31.978 [main] INFO  api.test.UserTests2 - **************User is Deleted **************
18:14:49.383 [main] INFO  api.test.UserTests2 - **************Creating User **************
18:14:52.233 [main] INFO  api.test.UserTests2 - **************User is Created **************
18:14:52.242 [main] INFO  api.test.UserTests2 - **************Reading User Name **************
18:14:52.842 [main] INFO  api.test.UserTests2 - **************User Info is displayed **************
18:14:52.843 [main] INFO  api.test.UserTests2 - **************Updating User **************
18:14:54.040 [main] INFO  api.test.UserTests2 - **************User is Updated **************
18:14:54.043 [main] INFO  api.test.UserTests2 - **************Deleting User **************
18:14:54.573 [main] INFO  api.test.UserTests2 - **************User is Deleted **************
17:59:15.844 [main] INFO  api.test.UserTests2 - **************Creating User **************
17:59:18.792 [main] INFO  api.test.UserTests2 - **************User is Created **************
17:59:18.799 [main] INFO  api.test.UserTests2 - **************Reading User Name **************
17:59:19.436 [main] INFO  api.test.UserTests2 - **************User Info is displayed **************
17:59:19.444 [main] INFO  api.test.UserTests2 - **************Updating User **************
17:59:20.618 [main] INFO  api.test.UserTests2 - **************User is Updated **************
17:59:20.622 [main] INFO  api.test.UserTests2 - **************Deleting User **************
17:59:21.207 [main] INFO  api.test.UserTests2 - **************User is Deleted **************
18:01:56.355 [main] INFO  api.test.UserTests2 - **************Creating User **************
18:01:59.207 [main] INFO  api.test.UserTests2 - **************User is Created **************
18:01:59.214 [main] INFO  api.test.UserTests2 - **************Reading User Name **************
18:01:59.795 [main] INFO  api.test.UserTests2 - **************User Info is displayed **************
18:01:59.802 [main] INFO  api.test.UserTests2 - **************Updating User **************
18:02:01.034 [main] INFO  api.test.UserTests2 - **************User is Updated **************
18:02:01.039 [main] INFO  api.test.UserTests2 - **************Creating User Array **************
18:02:01.050 [main] INFO  api.test.UserTests2 - **************Deleting User **************
18:02:01.596 [main] INFO  api.test.UserTests2 - **************User is Deleted **************
18:51:27.001 [main] INFO  api.test.UserTests2 - **************Creating User **************
18:51:29.795 [main] INFO  api.test.UserTests2 - **************User is Created **************
18:51:29.800 [main] INFO  api.test.UserTests2 - **************Reading User Name **************
18:51:30.434 [main] INFO  api.test.UserTests2 - **************User Info is displayed **************
18:51:30.440 [main] INFO  api.test.UserTests2 - **************Updating User **************
18:51:31.632 [main] INFO  api.test.UserTests2 - **************User is Updated **************
18:51:31.638 [main] INFO  api.test.UserTests2 - **************Creating User Array **************
18:51:31.645 [main] INFO  api.test.UserTests2 - **************Deleting User **************
18:51:32.250 [main] INFO  api.test.UserTests2 - **************User is Deleted **************
18:52:47.633 [main] INFO  api.test.UserTests2 - **************Creating User **************
18:52:50.394 [main] INFO  api.test.UserTests2 - **************User is Created **************
18:52:50.399 [main] INFO  api.test.UserTests2 - **************Reading User Name **************
18:52:51.031 [main] INFO  api.test.UserTests2 - **************User Info is displayed **************
18:52:51.037 [main] INFO  api.test.UserTests2 - **************Updating User **************
18:52:52.230 [main] INFO  api.test.UserTests2 - **************User is Updated **************
18:52:52.237 [main] INFO  api.test.UserTests2 - **************Creating User Array **************
18:52:52.289 [main] INFO  api.test.UserTests2 - **************Deleting User **************
18:52:52.909 [main] INFO  api.test.UserTests2 - **************User is Deleted **************
18:54:11.454 [main] INFO  api.test.UserTests2 - **************Creating User **************
18:54:13.283 [main] INFO  api.test.UserTests2 - **************User is Created **************
18:54:13.290 [main] INFO  api.test.UserTests2 - **************Reading User Name **************
18:54:14.050 [main] INFO  api.test.UserTests2 - **************User Info is displayed **************
18:54:14.057 [main] INFO  api.test.UserTests2 - **************Updating User **************
18:54:15.244 [main] INFO  api.test.UserTests2 - **************User is Updated **************
18:54:15.247 [main] INFO  api.test.UserTests2 - **************Creating User Array **************
18:54:15.309 [main] INFO  api.test.UserTests2 - **************Deleting User **************
18:54:15.911 [main] INFO  api.test.UserTests2 - **************User is Deleted **************
19:36:35.823 [main] INFO  api.test.UserTests2 - **************Creating User **************
19:36:38.611 [main] INFO  api.test.UserTests2 - **************User is Created **************
19:36:38.618 [main] INFO  api.test.UserTests2 - **************Reading User Name **************
19:36:39.239 [main] INFO  api.test.UserTests2 - **************User Info is displayed **************
19:36:39.245 [main] INFO  api.test.UserTests2 - **************Updating User **************
19:36:39.761 [main] INFO  api.test.UserTests2 - **************Creating User **************
19:36:40.458 [main] INFO  api.test.UserTests2 - **************User is Updated **************
19:36:40.460 [main] INFO  api.test.UserTests2 - **************Creating User Array **************
19:36:40.463 [main] INFO  api.test.UserTests2 - **************Deleting User **************
19:36:41.033 [main] INFO  api.test.UserTests2 - **************User is Deleted **************
19:36:42.556 [main] INFO  api.test.UserTests2 - **************User is Created **************
19:36:42.563 [main] INFO  api.test.UserTests2 - **************Reading User Name **************
19:36:43.139 [main] INFO  api.test.UserTests2 - **************User Info is displayed **************
19:36:43.145 [main] INFO  api.test.UserTests2 - **************Updating User **************
19:36:44.316 [main] INFO  api.test.UserTests2 - **************User is Updated **************
19:36:44.323 [main] INFO  api.test.UserTests2 - **************Creating User Array **************
19:36:44.329 [main] INFO  api.test.UserTests2 - **************Deleting User **************
19:36:44.875 [main] INFO  api.test.UserTests2 - **************User is Deleted **************
19:41:13.341 [main] INFO  api.test.UserTests2 - **************Creating User **************
19:41:15.181 [main] INFO  api.test.UserTests2 - **************User is Created **************
19:41:15.187 [main] INFO  api.test.UserTests2 - **************Reading User Name **************
19:41:15.761 [main] INFO  api.test.UserTests2 - **************User Info is displayed **************
19:41:15.770 [main] INFO  api.test.UserTests2 - **************Updating User **************
19:41:16.871 [main] INFO  api.test.UserTests2 - **************User is Updated **************
19:41:16.876 [main] INFO  api.test.UserTests2 - **************Creating User Array **************
19:41:16.888 [main] INFO  api.test.UserTests2 - **************Deleting User **************
19:41:17.454 [main] INFO  api.test.UserTests2 - **************User is Deleted **************
21:07:57.437 [main] INFO  api.test.UserTests - **************Creating User **************
21:08:00.310 [main] INFO  api.test.UserTests - **************User is Created **************
21:08:00.319 [main] INFO  api.test.UserTests - **************Reading User Name **************
21:08:00.929 [main] INFO  api.test.UserTests - **************User Info is displayed **************
21:08:00.935 [main] INFO  api.test.UserTests - **************Updating User **************
21:08:02.111 [main] INFO  api.test.UserTests - **************User is Updated **************
21:08:02.117 [main] INFO  api.test.UserTests - **************Deleting User **************
21:08:02.709 [main] INFO  api.test.UserTests - **************User is Deleted **************
21:08:13.397 [main] INFO  api.test.UserTests2 - **************Creating User **************
21:08:16.239 [main] INFO  api.test.UserTests2 - **************User is Created **************
21:08:16.245 [main] INFO  api.test.UserTests2 - **************Reading User Name **************
21:08:16.861 [main] INFO  api.test.UserTests2 - **************User Info is displayed **************
21:08:16.868 [main] INFO  api.test.UserTests2 - **************Updating User **************
21:08:18.087 [main] INFO  api.test.UserTests2 - **************User is Updated **************
21:08:18.091 [main] INFO  api.test.UserTests2 - **************Deleting User **************
21:08:18.686 [main] INFO  api.test.UserTests2 - **************User is Deleted **************
21:11:20.262 [main] INFO  api.test.UserTests2 - **************Creating User **************
21:11:23.077 [main] INFO  api.test.UserTests2 - **************User is Created **************
21:11:23.082 [main] INFO  api.test.UserTests2 - **************Reading User Name **************
21:11:23.728 [main] INFO  api.test.UserTests2 - **************User Info is displayed **************
21:11:23.733 [main] INFO  api.test.UserTests2 - **************Updating User **************
21:11:24.972 [main] INFO  api.test.UserTests2 - **************User is Updated **************
21:11:24.975 [main] INFO  api.test.UserTests2 - **************Deleting User **************
21:11:25.546 [main] INFO  api.test.UserTests2 - **************User is Deleted **************
23:11:17.134 [main] INFO  api.test.UserTests3 - **************Creating User **************
23:13:00.180 [main] INFO  api.test.UserTests3 - **************Creating User **************
23:18:17.531 [main] INFO  api.test.UserTests3 - **************Creating User **************
23:18:20.423 [main] INFO  api.test.UserTests3 - **************User is Created **************
23:28:13.508 [main] INFO  api.test.UserTests3 - **************Creating User **************
23:28:15.398 [main] INFO  api.test.UserTests3 - **************User is Created **************
23:28:15.402 [main] INFO  api.test.UserTests3 - **************Reading User Name **************
23:29:11.578 [main] INFO  api.test.UserTests3 - **************Creating User **************
23:29:14.418 [main] INFO  api.test.UserTests3 - **************User is Created **************
23:29:14.423 [main] INFO  api.test.UserTests3 - **************Reading User Name **************
23:34:36.555 [main] INFO  api.test.UserTests3 - **************Creating User **************
23:34:39.446 [main] INFO  api.test.UserTests3 - **************User is Created **************
23:34:39.450 [main] INFO  api.test.UserTests3 - **************Reading User Name **************
23:39:52.497 [main] INFO  api.test.UserTests3 - **************Creating User **************
23:39:55.304 [main] INFO  api.test.UserTests3 - **************User is Created **************
23:39:55.310 [main] INFO  api.test.UserTests3 - **************Reading User Name **************
23:39:55.923 [main] INFO  api.test.UserTests3 - **************User Info is displayed **************
23:42:06.482 [main] INFO  api.test.UserTests3 - **************Creating User **************
23:42:08.303 [main] INFO  api.test.UserTests3 - **************User is Created **************
23:42:08.310 [main] INFO  api.test.UserTests3 - **************Reading User Name **************
23:45:47.335 [main] INFO  api.test.UserTests3 - **************Creating User **************
23:45:50.299 [main] INFO  api.test.UserTests3 - **************User is Created **************
23:45:50.305 [main] INFO  api.test.UserTests3 - **************Reading User Name **************
23:45:50.988 [main] INFO  api.test.UserTests3 - **************User Info is displayed **************
23:48:06.238 [main] INFO  api.test.UserTests3 - **************Creating User **************
23:48:09.056 [main] INFO  api.test.UserTests3 - **************User is Created **************
23:48:09.062 [main] INFO  api.test.UserTests3 - **************Reading User Name **************
23:48:09.685 [main] INFO  api.test.UserTests3 - **************User Info is displayed **************
23:54:35.706 [main] INFO  api.test.UserTests3 - **************Creating User **************
23:54:38.545 [main] INFO  api.test.UserTests3 - **************User is Created **************
23:54:38.556 [main] INFO  api.test.UserTests3 - **************Reading User Name **************
23:55:20.554 [main] INFO  api.test.UserTests3 - **************Creating User **************
23:55:23.430 [main] INFO  api.test.UserTests3 - **************User is Created **************
23:55:23.435 [main] INFO  api.test.UserTests3 - **************Reading User Name **************
23:56:11.594 [main] INFO  api.test.UserTests3 - **************Creating User **************
23:56:14.464 [main] INFO  api.test.UserTests3 - **************User is Created **************
23:56:14.470 [main] INFO  api.test.UserTests3 - **************Reading User Name **************
23:56:16.259 [main] INFO  api.test.UserTests3 - **************User Info is displayed **************
19:19:07.985 [main] INFO  api.test.UserTests - **************Creating User **************
19:19:10.962 [main] INFO  api.test.UserTests - **************User is Created **************
19:19:10.971 [main] INFO  api.test.UserTests - **************Reading User Name **************
19:19:11.636 [main] INFO  api.test.UserTests - **************User Info is displayed **************
19:19:11.641 [main] INFO  api.test.UserTests - **************Updating User **************
19:19:12.790 [main] INFO  api.test.UserTests - **************User is Updated **************
19:19:12.798 [main] INFO  api.test.UserTests - **************Creating User List **************
19:19:13.377 [main] INFO  api.test.UserTests - **************User List is Created **************
19:19:13.384 [main] INFO  api.test.UserTests - **************Reading List User Name **************
19:19:13.995 [main] INFO  api.test.UserTests - **************Deleting User **************
19:20:43.513 [main] INFO  api.test.UserTests - **************Reading List User Name **************
19:20:47.796 [main] INFO  api.test.UserTests - **************Reading List User Name **************
19:20:47.813 [main] INFO  api.test.UserTests - **************Reading List User Name **************
19:21:29.517 [main] INFO  api.test.UserTests - **************Creating User **************
19:21:32.388 [main] INFO  api.test.UserTests - **************User is Created **************
19:21:32.395 [main] INFO  api.test.UserTests - **************Reading User Name **************
19:21:32.955 [main] INFO  api.test.UserTests - **************User Info is displayed **************
19:21:32.962 [main] INFO  api.test.UserTests - **************Updating User **************
19:21:34.098 [main] INFO  api.test.UserTests - **************User is Updated **************
19:21:34.105 [main] INFO  api.test.UserTests - **************Creating User List **************
19:21:34.696 [main] INFO  api.test.UserTests - **************User List is Created **************
19:21:34.704 [main] INFO  api.test.UserTests - **************Reading List User Name **************
19:21:35.295 [main] INFO  api.test.UserTests - **************Deleting User **************
19:22:14.461 [main] INFO  api.test.UserTests - **************Creating User **************
19:22:17.260 [main] INFO  api.test.UserTests - **************User is Created **************
19:22:17.264 [main] INFO  api.test.UserTests - **************Reading User Name **************
19:22:17.832 [main] INFO  api.test.UserTests - **************User Info is displayed **************
19:22:17.839 [main] INFO  api.test.UserTests - **************Updating User **************
19:22:19.037 [main] INFO  api.test.UserTests - **************User is Updated **************
19:22:19.044 [main] INFO  api.test.UserTests - **************Creating User List **************
19:22:19.615 [main] INFO  api.test.UserTests - **************User List is Created **************
19:22:19.620 [main] INFO  api.test.UserTests - **************Deleting User **************
19:24:44.848 [main] INFO  api.test.UserTests - **************Creating User **************
19:24:47.580 [main] INFO  api.test.UserTests - **************User is Created **************
19:24:47.588 [main] INFO  api.test.UserTests - **************Reading User Name **************
19:24:48.167 [main] INFO  api.test.UserTests - **************User Info is displayed **************
19:24:48.175 [main] INFO  api.test.UserTests - **************Updating User **************
19:24:49.324 [main] INFO  api.test.UserTests - **************User is Updated **************
19:24:49.332 [main] INFO  api.test.UserTests - **************Creating User List **************
19:24:49.914 [main] INFO  api.test.UserTests - **************User List is Created **************
19:24:49.921 [main] INFO  api.test.UserTests - **************Reading List User Name **************
19:24:51.608 [main] INFO  api.test.UserTests - **************User Info from List is displayed **************
19:24:51.615 [main] INFO  api.test.UserTests - **************Deleting User **************
19:24:52.233 [main] INFO  api.test.UserTests - **************User is Deleted **************
20:00:07.878 [main] INFO  api.test.UserTests - **************Creating User **************
20:00:09.676 [main] INFO  api.test.UserTests - **************User is Created **************
20:00:09.685 [main] INFO  api.test.UserTests - **************Reading User Name **************
20:00:10.247 [main] INFO  api.test.UserTests - **************User Info is displayed **************
20:00:10.250 [main] INFO  api.test.UserTests - **************Updating User **************
20:00:11.384 [main] INFO  api.test.UserTests - **************User is Updated **************
20:00:11.392 [main] INFO  api.test.UserTests - **************Creating User List **************
20:00:11.951 [main] INFO  api.test.UserTests - **************User List is Created **************
20:00:11.957 [main] INFO  api.test.UserTests - **************Creating User Array **************
20:00:12.523 [main] INFO  api.test.UserTests - **************User Array is Created **************
20:00:12.530 [main] INFO  api.test.UserTests - **************Reading List User Name **************
20:00:14.200 [main] INFO  api.test.UserTests - **************User Info from List is displayed **************
20:00:14.208 [main] INFO  api.test.UserTests - **************Deleting User **************
20:00:14.811 [main] INFO  api.test.UserTests - **************User is Deleted **************
20:06:58.057 [main] INFO  api.test.UserTests - **************Creating User **************
20:07:00.817 [main] INFO  api.test.UserTests - **************User is Created **************
20:07:00.822 [main] INFO  api.test.UserTests - **************Reading User Name **************
20:07:01.407 [main] INFO  api.test.UserTests - **************User Info is displayed **************
20:07:01.410 [main] INFO  api.test.UserTests - **************Updating User **************
20:07:02.567 [main] INFO  api.test.UserTests - **************User is Updated **************
20:07:02.572 [main] INFO  api.test.UserTests - **************Creating User List **************
20:07:03.115 [main] INFO  api.test.UserTests - **************User List is Created **************
20:07:03.121 [main] INFO  api.test.UserTests - **************Creating User Array **************
20:07:03.707 [main] INFO  api.test.UserTests - **************User Array is Created **************
20:07:03.711 [main] INFO  api.test.UserTests - **************Reading List User Name **************
20:07:05.407 [main] INFO  api.test.UserTests - **************UserNames from List is displayed **************
20:07:05.412 [main] INFO  api.test.UserTests - **************Reading UserName from Array  **************
20:07:07.186 [main] INFO  api.test.UserTests - **************Array UserNames is displayed **************
20:07:07.191 [main] INFO  api.test.UserTests - **************Deleting User **************
20:07:07.760 [main] INFO  api.test.UserTests - **************User is Deleted **************
17:31:25.520 [main] INFO  api.test.PetTests - **************Creating Pet **************
17:31:28.544 [main] INFO  api.test.PetTests - **************Pet is Created **************
17:32:36.081 [main] INFO  api.test.PetTests - **************Creating Pet **************
17:32:38.832 [main] INFO  api.test.PetTests - **************Pet is Created **************
17:33:05.260 [main] INFO  api.test.PetTests - **************Creating Pet **************
17:33:08.137 [main] INFO  api.test.PetTests - **************Pet is Created **************
17:35:37.708 [main] INFO  api.test.PetTests - **************Creating Pet **************
17:35:40.512 [main] INFO  api.test.PetTests - **************Pet is Created **************
18:00:34.482 [main] INFO  api.test.PetTests - **************Creating Pet **************
18:00:37.334 [main] INFO  api.test.PetTests - **************Pet is Created **************
18:00:37.341 [main] INFO  api.test.PetTests - **************Reading Status **************
18:00:38.104 [main] INFO  api.test.PetTests - **************User Info is displayed **************
18:02:45.920 [main] INFO  api.test.PetTests - **************Creating Pet **************
18:02:48.720 [main] INFO  api.test.PetTests - **************Pet is Created **************
18:02:48.726 [main] INFO  api.test.PetTests - **************Reading Status **************
18:02:49.412 [main] INFO  api.test.PetTests - **************User Info is displayed **************
18:03:55.012 [main] INFO  api.test.PetTests - **************Creating Pet **************
18:03:57.859 [main] INFO  api.test.PetTests - **************Pet is Created **************
18:03:57.865 [main] INFO  api.test.PetTests - **************Reading Status **************
18:03:58.594 [main] INFO  api.test.PetTests - **************User Info is displayed **************
18:04:56.210 [main] INFO  api.test.PetTests - **************Creating Pet **************
18:04:59.084 [main] INFO  api.test.PetTests - **************Pet is Created **************
18:04:59.089 [main] INFO  api.test.PetTests - **************Reading Status **************
18:04:59.667 [main] INFO  api.test.PetTests - **************User Info is displayed **************
18:06:03.049 [main] INFO  api.test.PetTests - **************Creating Pet **************
18:06:05.886 [main] INFO  api.test.PetTests - **************Pet is Created **************
18:06:05.892 [main] INFO  api.test.PetTests - **************Reading Status **************
18:06:06.534 [main] INFO  api.test.PetTests - **************User Info is displayed **************
18:08:09.733 [main] INFO  api.test.PetTests - **************Creating Pet **************
18:08:12.639 [main] INFO  api.test.PetTests - **************Pet is Created **************
18:08:12.647 [main] INFO  api.test.PetTests - **************Reading Status **************
18:08:13.207 [main] INFO  api.test.PetTests - **************User Info is displayed **************
18:08:17.484 [main] INFO  api.test.PetTests - **************Creating Pet **************
18:08:20.314 [main] INFO  api.test.PetTests - **************Pet is Created **************
18:08:20.320 [main] INFO  api.test.PetTests - **************Reading Status **************
18:08:20.917 [main] INFO  api.test.PetTests - **************User Info is displayed **************
18:10:50.271 [main] INFO  api.test.PetTests - **************Creating Pet **************
18:10:53.069 [main] INFO  api.test.PetTests - **************Pet is Created **************
18:10:53.073 [main] INFO  api.test.PetTests - **************Reading Status **************
18:10:53.655 [main] INFO  api.test.PetTests - **************User Info is displayed **************
18:12:30.231 [main] INFO  api.test.PetTests - **************Creating Pet **************
18:12:33.068 [main] INFO  api.test.PetTests - **************Pet is Created **************
18:12:33.075 [main] INFO  api.test.PetTests - **************Pets By Status **************
18:12:33.627 [main] INFO  api.test.PetTests - **************Pets by status is displayed **************
18:21:10.216 [main] INFO  api.test.PetTests - **************Creating Pet **************
18:21:13.104 [main] INFO  api.test.PetTests - **************Pet is Created **************
18:21:13.108 [main] INFO  api.test.PetTests - **************Pets By Status **************
18:21:13.669 [main] INFO  api.test.PetTests - **************Pets by status is displayed **************
18:21:13.677 [main] INFO  api.test.PetTests - **************Pet By ID **************
18:21:14.253 [main] INFO  api.test.PetTests - **************Pet by ID is displayed **************
18:24:48.736 [main] INFO  api.test.PetTests - **************Creating Pet **************
18:24:51.493 [main] INFO  api.test.PetTests - **************Pet is Created **************
18:24:51.497 [main] INFO  api.test.PetTests - **************Pets By Status **************
18:24:52.025 [main] INFO  api.test.PetTests - **************Pets by status is displayed **************
18:24:52.028 [main] INFO  api.test.PetTests - **************Pet By ID **************
18:24:52.612 [main] INFO  api.test.PetTests - **************Pet by ID is displayed **************
